<?xml version="1.0" encoding="UTF-8"?>
<robot generator="Robot 5.0.1 (Python 3.7.9 on win32)" generated="20240715 00:50:46.349" rpa="false" schemaversion="3">
<suite id="s1" name="Testcase1 Gmail" source="c:\Users\Paul\Documents\Testing\Eaton\TestCase1\testcase1_gmail.robot">
<kw name="Open Browser To Gmail" library="keywords_gmail" type="SETUP">
<kw name="Open Browser" library="SeleniumLibrary">
<arg>https://mail.google.com</arg>
<arg>chrome</arg>
<doc>Opens a new browser instance to the optional ``url``.</doc>
<msg timestamp="20240715 00:50:47.012" level="INFO">Opening browser 'chrome' to base url 'https://mail.google.com'.</msg>
<status status="PASS" starttime="20240715 00:50:47.012" endtime="20240715 00:50:53.482"/>
</kw>
<kw name="Maximize Browser Window" library="SeleniumLibrary">
<doc>Maximizes current browser window.</doc>
<status status="PASS" starttime="20240715 00:50:53.482" endtime="20240715 00:50:53.631"/>
</kw>
<status status="PASS" starttime="20240715 00:50:47.009" endtime="20240715 00:50:53.633"/>
</kw>
<test id="s1-t1" name="Gmail Automation Test" line="10">
<kw name="Login To Gmail" library="keywords_gmail">
<doc>Logs in to Gmail</doc>
<kw name="Input Text" library="SeleniumLibrary">
<arg>id=identifierId</arg>
<arg>${EMAIL}</arg>
<doc>Types the given ``text`` into the text field identified by ``locator``.</doc>
<msg timestamp="20240715 00:50:53.641" level="INFO">Typing text 'test.email.glazkov@gmail.com' into text field 'id=identifierId'.</msg>
<status status="PASS" starttime="20240715 00:50:53.639" endtime="20240715 00:50:54.348"/>
</kw>
<kw name="Click Button" library="SeleniumLibrary">
<arg>xpath=//button[@type='button' and contains(.,'Next')]</arg>
<doc>Clicks the button identified by ``locator``.</doc>
<msg timestamp="20240715 00:50:54.349" level="INFO">Clicking button 'xpath=//button[@type='button' and contains(.,'Next')]'.</msg>
<status status="PASS" starttime="20240715 00:50:54.348" endtime="20240715 00:50:54.910"/>
</kw>
<kw name="Sleep" library="BuiltIn">
<arg>7s</arg>
<doc>Pauses the test executed for the given time.</doc>
<msg timestamp="20240715 00:51:01.918" level="INFO">Slept 7 seconds</msg>
<status status="PASS" starttime="20240715 00:50:54.911" endtime="20240715 00:51:01.922"/>
</kw>
<kw name="Input Text" library="SeleniumLibrary">
<arg>name=Passwd</arg>
<arg>${PASSWORD}</arg>
<doc>Types the given ``text`` into the text field identified by ``locator``.</doc>
<msg timestamp="20240715 00:51:01.923" level="INFO">Typing text 'pAssWord' into text field 'name=Passwd'.</msg>
<status status="PASS" starttime="20240715 00:51:01.923" endtime="20240715 00:51:02.135"/>
</kw>
<kw name="Click Button" library="SeleniumLibrary">
<arg>xpath=//button[@type='button' and contains(.,'Next')]</arg>
<doc>Clicks the button identified by ``locator``.</doc>
<msg timestamp="20240715 00:51:02.138" level="INFO">Clicking button 'xpath=//button[@type='button' and contains(.,'Next')]'.</msg>
<status status="PASS" starttime="20240715 00:51:02.137" endtime="20240715 00:51:02.336"/>
</kw>
<kw name="Sleep" library="BuiltIn">
<arg>10s</arg>
<doc>Pauses the test executed for the given time.</doc>
<msg timestamp="20240715 00:51:12.342" level="INFO">Slept 10 seconds</msg>
<status status="PASS" starttime="20240715 00:51:02.337" endtime="20240715 00:51:12.342"/>
</kw>
<status status="PASS" starttime="20240715 00:50:53.638" endtime="20240715 00:51:12.342"/>
</kw>
<kw name="Compose And Send Email With Label" library="keywords_gmail">
<doc>Composes an email with a label and sends it to the given email</doc>
<kw name="Click Element" library="SeleniumLibrary">
<arg>xpath=//div[@role='button' and contains(.,'Compose')]</arg>
<doc>Click the element identified by ``locator``.</doc>
<msg timestamp="20240715 00:51:12.400" level="INFO">Clicking element 'xpath=//div[@role='button' and contains(.,'Compose')]'.</msg>
<status status="PASS" starttime="20240715 00:51:12.394" endtime="20240715 00:51:12.740"/>
</kw>
<kw name="Sleep" library="BuiltIn">
<arg>2s</arg>
<doc>Pauses the test executed for the given time.</doc>
<msg timestamp="20240715 00:51:14.755" level="INFO">Slept 2 seconds</msg>
<status status="PASS" starttime="20240715 00:51:12.740" endtime="20240715 00:51:14.755"/>
</kw>
<kw name="Input Text" library="SeleniumLibrary">
<arg>xpath=//input[@aria-label='To recipients']</arg>
<arg>${EMAIL}</arg>
<doc>Types the given ``text`` into the text field identified by ``locator``.</doc>
<msg timestamp="20240715 00:51:14.755" level="INFO">Typing text 'test.email.glazkov@gmail.com' into text field 'xpath=//input[@aria-label='To recipients']'.</msg>
<status status="PASS" starttime="20240715 00:51:14.755" endtime="20240715 00:51:15.330"/>
</kw>
<kw name="Input Text" library="SeleniumLibrary">
<arg>name=subjectbox</arg>
<arg>${SUBJECT}</arg>
<doc>Types the given ``text`` into the text field identified by ``locator``.</doc>
<msg timestamp="20240715 00:51:15.332" level="INFO">Typing text 'Test Email Subject' into text field 'name=subjectbox'.</msg>
<status status="PASS" starttime="20240715 00:51:15.330" endtime="20240715 00:51:15.603"/>
</kw>
<kw name="Input Text" library="SeleniumLibrary">
<arg>xpath=//div[@aria-label='Message Body']</arg>
<arg>${BODY}</arg>
<doc>Types the given ``text`` into the text field identified by ``locator``.</doc>
<msg timestamp="20240715 00:51:15.604" level="INFO">Typing text 'Test Email Body' into text field 'xpath=//div[@aria-label='Message Body']'.</msg>
<status status="PASS" starttime="20240715 00:51:15.604" endtime="20240715 00:51:16.061"/>
</kw>
<kw name="Click Element" library="SeleniumLibrary">
<arg>xpath=//div[@aria-label='More options']</arg>
<doc>Click the element identified by ``locator``.</doc>
<msg timestamp="20240715 00:51:16.063" level="INFO">Clicking element 'xpath=//div[@aria-label='More options']'.</msg>
<status status="PASS" starttime="20240715 00:51:16.061" endtime="20240715 00:51:16.195"/>
</kw>
<kw name="Click Element" library="SeleniumLibrary">
<arg>xpath=//div[contains(text(),'Label')]</arg>
<doc>Click the element identified by ``locator``.</doc>
<msg timestamp="20240715 00:51:16.199" level="INFO">Clicking element 'xpath=//div[contains(text(),'Label')]'.</msg>
<status status="PASS" starttime="20240715 00:51:16.196" endtime="20240715 00:51:16.332"/>
</kw>
<kw name="Sleep" library="BuiltIn">
<arg>2s</arg>
<doc>Pauses the test executed for the given time.</doc>
<msg timestamp="20240715 00:51:18.339" level="INFO">Slept 2 seconds</msg>
<status status="PASS" starttime="20240715 00:51:16.335" endtime="20240715 00:51:18.340"/>
</kw>
<kw name="Click Element" library="SeleniumLibrary">
<arg>xpath=//div[contains(text(),'${LABEL}')]</arg>
<doc>Click the element identified by ``locator``.</doc>
<msg timestamp="20240715 00:51:18.343" level="INFO">Clicking element 'xpath=//div[contains(text(),'Social')]'.</msg>
<status status="PASS" starttime="20240715 00:51:18.341" endtime="20240715 00:51:18.445"/>
</kw>
<kw name="Sleep" library="BuiltIn">
<arg>2s</arg>
<doc>Pauses the test executed for the given time.</doc>
<msg timestamp="20240715 00:51:20.462" level="INFO">Slept 2 seconds</msg>
<status status="PASS" starttime="20240715 00:51:18.446" endtime="20240715 00:51:20.463"/>
</kw>
<kw name="Execute Javascript" library="SeleniumLibrary">
<arg>document.evaluate("//div[contains(text(),'Apply')]", document, null, XPathResult.FIRST_ORDERED_NODE_TYPE, null).singleNodeValue.click();</arg>
<doc>Executes the given JavaScript code with possible arguments.</doc>
<msg timestamp="20240715 00:51:20.463" level="INFO">Executing JavaScript:
document.evaluate("//div[contains(text(),'Apply')]", document, null, XPathResult.FIRST_ORDERED_NODE_TYPE, null).singleNodeValue.click();
Without any arguments.</msg>
<status status="PASS" starttime="20240715 00:51:20.463" endtime="20240715 00:51:20.519"/>
</kw>
<kw name="Sleep" library="BuiltIn">
<arg>2s</arg>
<doc>Pauses the test executed for the given time.</doc>
<msg timestamp="20240715 00:51:22.536" level="INFO">Slept 2 seconds</msg>
<status status="PASS" starttime="20240715 00:51:20.519" endtime="20240715 00:51:22.537"/>
</kw>
<kw name="Click Element" library="SeleniumLibrary">
<arg>xpath=//div[@role='button' and contains(.,'Send')]</arg>
<doc>Click the element identified by ``locator``.</doc>
<msg timestamp="20240715 00:51:22.545" level="INFO">Clicking element 'xpath=//div[@role='button' and contains(.,'Send')]'.</msg>
<status status="PASS" starttime="20240715 00:51:22.540" endtime="20240715 00:51:22.750"/>
</kw>
<kw name="Sleep" library="BuiltIn">
<arg>5s</arg>
<doc>Pauses the test executed for the given time.</doc>
<msg timestamp="20240715 00:51:27.758" level="INFO">Slept 5 seconds</msg>
<status status="PASS" starttime="20240715 00:51:22.752" endtime="20240715 00:51:27.759"/>
</kw>
<status status="PASS" starttime="20240715 00:51:12.390" endtime="20240715 00:51:27.760"/>
</kw>
<kw name="Wait For Email And Verify" library="keywords_gmail">
<doc>Waits for the email to arrive, marks it as starred, and verifies the data</doc>
<kw name="Wait For Email In Inbox" library="keywords_gmail">
<doc>Waits for the email to arrive in the inbox</doc>
<kw name="Click Element" library="SeleniumLibrary">
<arg>xpath=//a[contains(text(), 'Inbox')]</arg>
<doc>Click the element identified by ``locator``.</doc>
<msg timestamp="20240715 00:51:27.789" level="INFO">Clicking element 'xpath=//a[contains(text(), 'Inbox')]'.</msg>
<status status="PASS" starttime="20240715 00:51:27.773" endtime="20240715 00:51:27.962"/>
</kw>
<kw name="Wait Until Page Contains Element" library="SeleniumLibrary">
<arg>xpath=//span[contains(text(),'${SUBJECT}')]</arg>
<doc>Waits until the element ``locator`` appears on the current page.</doc>
<status status="PASS" starttime="20240715 00:51:27.962" endtime="20240715 00:51:27.982"/>
</kw>
<status status="PASS" starttime="20240715 00:51:27.773" endtime="20240715 00:51:27.982"/>
</kw>
<kw name="Open and Mark Email As Starred" library="keywords_gmail">
<doc>Opens the email and marks as starred</doc>
<kw name="Click Element" library="SeleniumLibrary">
<arg>xpath=(//span[contains(text(),'${SUBJECT}')])[2]</arg>
<doc>Click the element identified by ``locator``.</doc>
<msg timestamp="20240715 00:51:27.982" level="INFO">Clicking element 'xpath=(//span[contains(text(),'Test Email Subject')])[2]'.</msg>
<status status="PASS" starttime="20240715 00:51:27.982" endtime="20240715 00:51:28.182"/>
</kw>
<kw name="Sleep" library="BuiltIn">
<arg>2s</arg>
<doc>Pauses the test executed for the given time.</doc>
<msg timestamp="20240715 00:51:30.188" level="INFO">Slept 2 seconds</msg>
<status status="PASS" starttime="20240715 00:51:28.183" endtime="20240715 00:51:30.191"/>
</kw>
<kw name="Click Element" library="SeleniumLibrary">
<arg>xpath=//div[@aria-label='Not starred']</arg>
<doc>Click the element identified by ``locator``.</doc>
<msg timestamp="20240715 00:51:30.196" level="INFO">Clicking element 'xpath=//div[@aria-label='Not starred']'.</msg>
<status status="PASS" starttime="20240715 00:51:30.194" endtime="20240715 00:51:30.379"/>
</kw>
<status status="PASS" starttime="20240715 00:51:27.982" endtime="20240715 00:51:30.379"/>
</kw>
<kw name="Verify Email" library="keywords_gmail">
<doc>Verifies the label, subject, and body</doc>
<kw name="Get Text" library="SeleniumLibrary">
<var>${email_subject}</var>
<arg>xpath=//h2[contains(text(),'${SUBJECT}')]</arg>
<doc>Returns the text value of the element identified by ``locator``.</doc>
<msg timestamp="20240715 00:51:30.456" level="INFO">${email_subject} = Test Email Subject</msg>
<status status="PASS" starttime="20240715 00:51:30.379" endtime="20240715 00:51:30.456"/>
</kw>
<kw name="Should Be Equal" library="BuiltIn">
<arg>${SUBJECT}</arg>
<arg>${email_subject}</arg>
<doc>Fails if the given objects are unequal.</doc>
<status status="PASS" starttime="20240715 00:51:30.457" endtime="20240715 00:51:30.457"/>
</kw>
<kw name="Get Text" library="SeleniumLibrary">
<var>${email_body}</var>
<arg>xpath=//div[@dir='ltr'][contains(text(),'${BODY}')]</arg>
<doc>Returns the text value of the element identified by ``locator``.</doc>
<msg timestamp="20240715 00:51:30.637" level="INFO">${email_body} = Test Email Body</msg>
<status status="PASS" starttime="20240715 00:51:30.458" endtime="20240715 00:51:30.638"/>
</kw>
<kw name="Should Be Equal" library="BuiltIn">
<arg>${BODY}</arg>
<arg>${email_body}</arg>
<doc>Fails if the given objects are unequal.</doc>
<status status="PASS" starttime="20240715 00:51:30.638" endtime="20240715 00:51:30.638"/>
</kw>
<kw name="Click Element" library="SeleniumLibrary">
<arg>xpath=(//div[@aria-label='More email options'])[2]</arg>
<doc>Click the element identified by ``locator``.</doc>
<msg timestamp="20240715 00:51:30.638" level="INFO">Clicking element 'xpath=(//div[@aria-label='More email options'])[2]'.</msg>
<status status="PASS" starttime="20240715 00:51:30.638" endtime="20240715 00:51:30.756"/>
</kw>
<kw name="Click Element" library="SeleniumLibrary">
<arg>xpath=//div[contains(text(),'Label as')]</arg>
<doc>Click the element identified by ``locator``.</doc>
<msg timestamp="20240715 00:51:30.757" level="INFO">Clicking element 'xpath=//div[contains(text(),'Label as')]'.</msg>
<status status="PASS" starttime="20240715 00:51:30.757" endtime="20240715 00:51:30.849"/>
</kw>
<kw name="Sleep" library="BuiltIn">
<arg>2s</arg>
<doc>Pauses the test executed for the given time.</doc>
<msg timestamp="20240715 00:51:32.863" level="INFO">Slept 2 seconds</msg>
<status status="PASS" starttime="20240715 00:51:30.851" endtime="20240715 00:51:32.905"/>
</kw>
<kw name="Get Element Attribute" library="SeleniumLibrary">
<var>${label_social_check}</var>
<arg>xpath=//div[@title='${LABEL}']</arg>
<arg>aria-checked</arg>
<doc>Returns the value of ``attribute`` from the element ``locator``.</doc>
<msg timestamp="20240715 00:51:33.058" level="INFO">${label_social_check} = true</msg>
<status status="PASS" starttime="20240715 00:51:32.906" endtime="20240715 00:51:33.059"/>
</kw>
<kw name="Should Be Equal" library="BuiltIn">
<arg>${label_social_check}</arg>
<arg>true</arg>
<doc>Fails if the given objects are unequal.</doc>
<status status="PASS" starttime="20240715 00:51:33.060" endtime="20240715 00:51:33.061"/>
</kw>
<kw name="Sleep" library="BuiltIn">
<arg>2s</arg>
<doc>Pauses the test executed for the given time.</doc>
<msg timestamp="20240715 00:51:35.072" level="INFO">Slept 2 seconds</msg>
<status status="PASS" starttime="20240715 00:51:33.062" endtime="20240715 00:51:35.073"/>
</kw>
<status status="PASS" starttime="20240715 00:51:30.379" endtime="20240715 00:51:35.074"/>
</kw>
<status status="PASS" starttime="20240715 00:51:27.760" endtime="20240715 00:51:35.075"/>
</kw>
<status status="PASS" starttime="20240715 00:50:53.634" endtime="20240715 00:51:35.076"/>
</test>
<kw name="Close Browser" library="SeleniumLibrary" type="TEARDOWN">
<doc>Closes the current browser.</doc>
<status status="PASS" starttime="20240715 00:51:35.083" endtime="20240715 00:51:37.696"/>
</kw>
<doc>This test case logs in to Gmail, creates an email with the given parameters and verifies that the email was delivered and all parameters are presented</doc>
<status status="PASS" starttime="20240715 00:50:46.358" endtime="20240715 00:51:37.696"/>
</suite>
<statistics>
<total>
<stat pass="1" fail="0" skip="0">All Tests</stat>
</total>
<tag>
</tag>
<suite>
<stat pass="1" fail="0" skip="0" id="s1" name="Testcase1 Gmail">Testcase1 Gmail</stat>
</suite>
</statistics>
<errors>
</errors>
</robot>
